mode: set
github.com/snichme/gobot/client_tcp.go:15.45,23.2 3 0
github.com/snichme/gobot/client_tcp.go:25.26,26.6 1 0
github.com/snichme/gobot/client_tcp.go:26.6,31.17 4 0
github.com/snichme/gobot/client_tcp.go:35.3,36.24 2 0
github.com/snichme/gobot/client_tcp.go:39.3,46.5 1 0
github.com/snichme/gobot/client_tcp.go:31.17,33.4 1 0
github.com/snichme/gobot/client_tcp.go:36.24,37.9 1 0
github.com/snichme/gobot/client_tcp.go:50.45,52.25 2 0
github.com/snichme/gobot/client_tcp.go:52.25,54.13 2 0
github.com/snichme/gobot/client_tcp.go:60.3,61.6 2 0
github.com/snichme/gobot/client_tcp.go:54.13,56.4 1 0
github.com/snichme/gobot/client_tcp.go:56.4,59.4 2 0
github.com/snichme/gobot/client_tcp.go:69.29,72.16 3 0
github.com/snichme/gobot/client_tcp.go:77.2,79.6 3 0
github.com/snichme/gobot/client_tcp.go:72.16,75.3 2 0
github.com/snichme/gobot/client_tcp.go:79.6,82.17 2 0
github.com/snichme/gobot/client_tcp.go:87.3,87.32 1 0
github.com/snichme/gobot/client_tcp.go:82.17,85.4 2 0
github.com/snichme/gobot/client_tcp.go:92.43,96.2 1 0
github.com/snichme/gobot/main.go:11.55,13.16 2 0
github.com/snichme/gobot/main.go:17.2,17.54 1 0
github.com/snichme/gobot/main.go:21.2,21.8 1 0
github.com/snichme/gobot/main.go:13.16,16.3 2 0
github.com/snichme/gobot/main.go:17.54,20.3 2 0
github.com/snichme/gobot/main.go:24.24,31.2 1 0
github.com/snichme/gobot/main.go:33.13,51.2 8 0
github.com/snichme/gobot/task_simpsons.go:12.38,25.2 1 0
github.com/snichme/gobot/task_simpsons.go:26.38,28.2 1 0
github.com/snichme/gobot/task_simpsons.go:29.42,31.2 1 0
github.com/snichme/gobot/task_simpsons.go:33.52,35.2 1 0
github.com/snichme/gobot/task_simpsons.go:37.60,40.12 3 0
github.com/snichme/gobot/task_simpsons.go:45.2,45.11 1 0
github.com/snichme/gobot/task_simpsons.go:40.12,44.3 2 0
github.com/snichme/gobot/task_xkcd.go:20.30,25.2 2 1
github.com/snichme/gobot/task_xkcd.go:27.36,29.2 1 0
github.com/snichme/gobot/task_xkcd.go:30.40,32.2 1 0
github.com/snichme/gobot/task_xkcd.go:33.50,35.2 1 1
github.com/snichme/gobot/task_xkcd.go:36.58,39.22 2 0
github.com/snichme/gobot/task_xkcd.go:59.2,59.11 1 0
github.com/snichme/gobot/task_xkcd.go:39.22,42.17 3 0
github.com/snichme/gobot/task_xkcd.go:45.3,51.17 5 0
github.com/snichme/gobot/task_xkcd.go:55.3,55.124 1 0
github.com/snichme/gobot/task_xkcd.go:42.17,44.4 1 0
github.com/snichme/gobot/task_xkcd.go:51.17,53.4 1 0
github.com/snichme/gobot/client-rest.go:19.48,20.55 1 0
github.com/snichme/gobot/client-rest.go:30.2,30.50 1 0
github.com/snichme/gobot/client-rest.go:40.2,40.57 1 0
github.com/snichme/gobot/client-rest.go:20.55,22.30 2 0
github.com/snichme/gobot/client-rest.go:27.3,27.15 1 0
github.com/snichme/gobot/client-rest.go:22.30,23.68 1 0
github.com/snichme/gobot/client-rest.go:23.68,25.5 1 0
github.com/snichme/gobot/client-rest.go:30.50,32.30 2 0
github.com/snichme/gobot/client-rest.go:37.3,37.17 1 0
github.com/snichme/gobot/client-rest.go:32.30,33.36 1 0
github.com/snichme/gobot/client-rest.go:33.36,35.5 1 0
github.com/snichme/gobot/client-rest.go:40.57,42.27 1 0
github.com/snichme/gobot/client-rest.go:47.3,48.55 2 0
github.com/snichme/gobot/client-rest.go:53.3,55.22 3 0
github.com/snichme/gobot/client-rest.go:60.3,73.5 2 0
github.com/snichme/gobot/client-rest.go:42.27,45.4 2 0
github.com/snichme/gobot/client-rest.go:48.55,51.4 2 0
github.com/snichme/gobot/client-rest.go:55.22,58.4 2 0
github.com/snichme/gobot/client-rest.go:83.54,85.25 2 0
github.com/snichme/gobot/client-rest.go:88.2,95.23 4 0
github.com/snichme/gobot/client-rest.go:85.25,87.3 1 0
github.com/snichme/gobot/client-rest.go:98.34,103.2 4 0
github.com/snichme/gobot/client-rest.go:105.45,110.2 1 0
github.com/snichme/gobot/client_cli.go:14.28,16.2 1 0
github.com/snichme/gobot/client_cli.go:17.28,19.2 1 0
github.com/snichme/gobot/client_cli.go:21.47,22.25 1 0
github.com/snichme/gobot/client_cli.go:22.25,24.3 1 0
github.com/snichme/gobot/client_cli.go:26.29,29.6 2 0
github.com/snichme/gobot/client_cli.go:29.6,33.21 4 0
github.com/snichme/gobot/client_cli.go:36.3,43.5 1 0
github.com/snichme/gobot/client_cli.go:33.21,34.9 1 0
github.com/snichme/gobot/client_cli.go:48.43,52.2 1 0
github.com/snichme/gobot/robot.go:26.34,28.2 1 0
github.com/snichme/gobot/robot.go:30.70,33.29 3 1
github.com/snichme/gobot/robot.go:36.2,36.9 1 1
github.com/snichme/gobot/robot.go:39.2,39.31 1 1
github.com/snichme/gobot/robot.go:44.2,44.14 1 1
github.com/snichme/gobot/robot.go:33.29,35.3 1 1
github.com/snichme/gobot/robot.go:36.9,38.3 1 1
github.com/snichme/gobot/robot.go:39.31,40.28 1 1
github.com/snichme/gobot/robot.go:40.28,42.4 1 1
github.com/snichme/gobot/robot.go:47.51,49.2 1 0
github.com/snichme/gobot/robot.go:51.31,52.20 1 0
github.com/snichme/gobot/robot.go:56.2,56.31 1 0
github.com/snichme/gobot/robot.go:52.20,55.3 2 0
github.com/snichme/gobot/robot.go:56.31,57.42 1 0
github.com/snichme/gobot/robot.go:57.42,58.36 1 0
github.com/snichme/gobot/robot.go:58.36,61.5 2 0
github.com/snichme/gobot/robot.go:66.34,68.2 1 0
github.com/snichme/gobot/robot.go:69.44,71.2 1 0
github.com/snichme/gobot/robot.go:72.52,74.12 2 0
github.com/snichme/gobot/robot.go:80.2,80.11 1 0
github.com/snichme/gobot/robot.go:74.12,75.32 1 0
github.com/snichme/gobot/robot.go:78.3,78.12 1 0
github.com/snichme/gobot/robot.go:75.32,77.4 1 0
github.com/snichme/gobot/robot.go:87.56,89.2 1 0
github.com/snichme/gobot/robot.go:90.68,93.2 2 0
github.com/snichme/gobot/robot.go:95.55,111.2 3 0
github.com/snichme/gobot/task_hi.go:8.26,10.2 1 0
github.com/snichme/gobot/task_hi.go:12.34,14.2 1 0
github.com/snichme/gobot/task_hi.go:15.38,17.2 1 0
github.com/snichme/gobot/task_hi.go:18.69,20.94 1 0
github.com/snichme/gobot/task_hi.go:23.2,23.29 1 0
github.com/snichme/gobot/task_hi.go:29.2,29.17 1 0
github.com/snichme/gobot/task_hi.go:20.94,22.3 1 0
github.com/snichme/gobot/task_hi.go:23.29,28.3 4 0
github.com/snichme/gobot/task_hi.go:32.48,34.2 1 0
github.com/snichme/gobot/task_hi.go:36.56,41.2 4 0
github.com/snichme/gobot/task_serverstatus.go:15.46,21.2 2 1
github.com/snichme/gobot/task_serverstatus.go:23.44,25.2 1 0
github.com/snichme/gobot/task_serverstatus.go:26.48,28.2 1 0
github.com/snichme/gobot/task_serverstatus.go:30.79,31.52 1 0
github.com/snichme/gobot/task_serverstatus.go:35.2,35.36 1 0
github.com/snichme/gobot/task_serverstatus.go:31.52,33.3 1 0
github.com/snichme/gobot/task_serverstatus.go:35.36,38.23 2 0
github.com/snichme/gobot/task_serverstatus.go:46.3,46.12 1 0
github.com/snichme/gobot/task_serverstatus.go:38.23,40.18 2 0
github.com/snichme/gobot/task_serverstatus.go:43.4,44.13 2 0
github.com/snichme/gobot/task_serverstatus.go:40.18,42.5 1 0
github.com/snichme/gobot/task_serverstatus.go:50.58,52.2 1 1
github.com/snichme/gobot/task_serverstatus.go:53.66,56.22 2 0
github.com/snichme/gobot/task_serverstatus.go:65.2,65.11 1 0
github.com/snichme/gobot/task_serverstatus.go:56.22,58.17 2 0
github.com/snichme/gobot/task_serverstatus.go:61.3,62.12 2 0
github.com/snichme/gobot/task_serverstatus.go:58.17,60.4 1 0
github.com/snichme/gobot/client_websocket.go:26.46,27.55 1 0
github.com/snichme/gobot/client_websocket.go:37.2,37.57 1 0
github.com/snichme/gobot/client_websocket.go:27.55,29.30 2 0
github.com/snichme/gobot/client_websocket.go:34.3,34.15 1 0
github.com/snichme/gobot/client_websocket.go:29.30,30.68 1 0
github.com/snichme/gobot/client_websocket.go:30.68,32.5 1 0
github.com/snichme/gobot/client_websocket.go:37.57,39.55 2 0
github.com/snichme/gobot/client_websocket.go:44.3,45.17 2 0
github.com/snichme/gobot/client_websocket.go:49.3,49.7 1 0
github.com/snichme/gobot/client_websocket.go:39.55,42.4 2 0
github.com/snichme/gobot/client_websocket.go:45.17,48.4 2 0
github.com/snichme/gobot/client_websocket.go:49.7,51.18 2 0
github.com/snichme/gobot/client_websocket.go:55.4,56.18 2 0
github.com/snichme/gobot/client_websocket.go:60.4,60.43 1 0
github.com/snichme/gobot/client_websocket.go:64.4,64.36 1 0
github.com/snichme/gobot/client_websocket.go:51.18,54.5 2 0
github.com/snichme/gobot/client_websocket.go:56.18,59.5 2 0
github.com/snichme/gobot/client_websocket.go:60.43,63.5 2 0
github.com/snichme/gobot/client_websocket.go:64.36,67.5 2 0
github.com/snichme/gobot/client_websocket.go:73.39,78.2 4 0
github.com/snichme/gobot/client_websocket.go:80.55,85.2 1 0
